<?xml version="1.0" encoding="UTF-8"?>
<!-- Generated by org.testng.reporters.JUnitReportReporter -->
<testsuite hostname="LP-TZD-0X101846" failures="0" tests="1" name="day43.AssertionsDemo" time="0.024" errors="0" timestamp="2024-08-01T23:04:01 IST" skipped="0">
  <testcase classname="day43.AssertionsDemo" name="Assert" time="0.024"/>
  <system-out/>
</testsuite> <!-- day43.AssertionsDemo -->
