<?xml version="1.0" encoding="UTF-8"?>
<!-- Generated by org.testng.reporters.JUnitReportReporter -->
<testsuite hostname="LP-TZD-0X101846" failures="0" tests="3" name="Day42.MyFirstTestCase" time="0.008" errors="0" timestamp="2024-07-31T16:59:57 IST" skipped="0">
  <testcase classname="Day42.MyFirstTestCase" name="openapp" time="0.006"/>
  <system-out/>
  <testcase classname="Day42.MyFirstTestCase" name="login" time="0.001"/>
  <system-out/>
  <testcase classname="Day42.MyFirstTestCase" name="logout" time="0.001"/>
  <system-out/>
</testsuite> <!-- Day42.MyFirstTestCase -->
