<?xml version="1.0" encoding="UTF-8"?>
<!-- Generated by org.testng.reporters.JUnitReportReporter -->
<testsuite hostname="LP-TZD-0X101846" failures="0" tests="4" name="day44.SignupTests" time="0.012" errors="0" timestamp="2024-08-05T01:15:20 IST" skipped="0">
  <testcase classname="day44.SignupTests" name="signupByEmail" time="0.001"/>
  <system-out/>
  <testcase classname="day44.SignupTests" name="signupByGmail" time="0.001"/>
  <system-out/>
  <testcase classname="day44.SignupTests" name="signupByTwitter" time="0.009"/>
  <system-out/>
  <testcase classname="day44.SignupTests" name="signupByFb" time="0.001"/>
  <system-out/>
</testsuite> <!-- day44.SignupTests -->
