<?xml version="1.0" encoding="UTF-8"?>
<!-- Generated by org.testng.reporters.JUnitReportReporter -->
<testsuite hostname="LP-TZD-0X101846" failures="0" tests="4" name="Day42.OrangeHRMTest" time="8.884" errors="0" timestamp="2024-07-31T16:59:57 IST" skipped="0">
  <testcase classname="Day42.OrangeHRMTest" name="openapp" time="5.900"/>
  <system-out/>
  <testcase classname="Day42.OrangeHRMTest" name="TestLogo" time="1.050"/>
  <system-out/>
  <testcase classname="Day42.OrangeHRMTest" name="login" time="0.169"/>
  <system-out/>
  <testcase classname="Day42.OrangeHRMTest" name="close" time="1.765"/>
  <system-out/>
</testsuite> <!-- Day42.OrangeHRMTest -->
