<?xml version="1.0" encoding="UTF-8"?>
<!-- Generated by org.testng.reporters.JUnitReportReporter -->
<testsuite hostname="LP-TZD-0X101846" failures="0" tests="1" name="day43.c2" time="0.001" errors="0" timestamp="2024-08-01T15:31:48 IST" skipped="0">
  <testcase classname="day43.c2" name="xyz" time="0.001"/>
  <system-out/>
</testsuite> <!-- day43.c2 -->
