<?xml version="1.0" encoding="UTF-8"?>
<!-- Generated by org.testng.reporters.JUnitReportReporter -->
<testsuite hostname="LP-TZD-0X101846" failures="0" tests="4" name="day43.AllAnnotations" time="0.013" errors="0" timestamp="2024-08-01T15:44:36 IST" skipped="0">
  <testcase classname="day43.AllAnnotations" name="test1" time="0.005"/>
  <system-out/>
  <testcase classname="day43.AllAnnotations" name="test2" time="0.003"/>
  <system-out/>
  <testcase classname="day43.AllAnnotations" name="test3" time="0.004"/>
  <system-out/>
  <testcase classname="day43.AllAnnotations" name="test4" time="0.001"/>
  <system-out/>
</testsuite> <!-- day43.AllAnnotations -->
