<?xml version="1.0" encoding="UTF-8"?>
<!-- Generated by org.testng.reporters.JUnitReportReporter -->
<testsuite hostname="LP-TZD-0X101846" failures="0" tests="1" name="day43.HardAssertions" time="0.008" errors="0" timestamp="2024-08-04T23:52:35 IST" skipped="0">
  <testcase classname="day43.HardAssertions" name="test" time="0.008"/>
  <system-out/>
</testsuite> <!-- day43.HardAssertions -->
