<?xml version="1.0" encoding="UTF-8"?>
<!-- Generated by org.testng.reporters.JUnitReportReporter -->
<testsuite hostname="LP-TZD-0X101846" failures="0" tests="2" name="day43.AnnotationsDemo1" time="0.006" errors="0" timestamp="2024-08-01T15:28:28 IST" skipped="0">
  <testcase classname="day43.AnnotationsDemo1" name="search" time="0.005"/>
  <system-out/>
  <testcase classname="day43.AnnotationsDemo1" name="AdvSearch" time="0.001"/>
  <system-out/>
</testsuite> <!-- day43.AnnotationsDemo1 -->
