<?xml version="1.0" encoding="UTF-8"?>
<!-- Generated by org.testng.reporters.JUnitReportReporter -->
<testsuite hostname="LP-TZD-0X101846" failures="0" tests="9" name="day45.ParamTest" time="0.152" errors="0" timestamp="2024-08-07T01:38:31 IST" skipped="0">
  <testcase classname="day45.ParamTest" name="testTitle" time="0.010"/>
  <system-out/>
  <testcase classname="day45.ParamTest" name="testTitle" time="0.005"/>
  <system-out/>
  <testcase classname="day45.ParamTest" name="testTitle" time="0.015"/>
  <system-out/>
  <testcase classname="day45.ParamTest" name="testURL" time="0.005"/>
  <system-out/>
  <testcase classname="day45.ParamTest" name="testURL" time="0.008"/>
  <system-out/>
  <testcase classname="day45.ParamTest" name="testURL" time="0.009"/>
  <system-out/>
  <testcase classname="day45.ParamTest" name="testLogo" time="0.040"/>
  <system-out/>
  <testcase classname="day45.ParamTest" name="testLogo" time="0.023"/>
  <system-out/>
  <testcase classname="day45.ParamTest" name="testLogo" time="0.037"/>
  <system-out/>
</testsuite> <!-- day45.ParamTest -->
