<?xml version="1.0" encoding="UTF-8"?>
<!-- Generated by org.testng.reporters.JUnitReportReporter -->
<testsuite hostname="LP-TZD-0X101846" failures="0" tests="3" name="day44.PaymentTests" time="0.008" errors="0" timestamp="2024-08-05T01:15:57 IST" skipped="0">
  <testcase classname="day44.PaymentTests" name="cash" time="0.006"/>
  <system-out/>
  <testcase classname="day44.PaymentTests" name="paytm" time="0.001"/>
  <system-out/>
  <testcase classname="day44.PaymentTests" name="paypol" time="0.001"/>
  <system-out/>
</testsuite> <!-- day44.PaymentTests -->
