<?xml version="1.0" encoding="UTF-8"?>
<!-- Generated by org.testng.reporters.JUnitReportReporter -->
<testsuite hostname="LP-TZD-0X101846" failures="0" tests="4" name="day44.LoginTests" time="0.010" errors="0" timestamp="2024-08-05T01:17:18 IST" skipped="0">
  <testcase classname="day44.LoginTests" name="loginByEmail" time="0.007"/>
  <system-out/>
  <testcase classname="day44.LoginTests" name="loginByFacebook" time="0.001"/>
  <system-out/>
  <testcase classname="day44.LoginTests" name="loginByTwitter" time="0.001"/>
  <system-out/>
  <testcase classname="day44.LoginTests" name="loginByGmail" time="0.001"/>
  <system-out/>
</testsuite> <!-- day44.LoginTests -->
