<?xml version="1.0" encoding="UTF-8"?>
<!-- Generated by org.testng.reporters.JUnitReportReporter -->
<testsuite hostname="DESKTOP-8M40E3J" failures="0" tests="1" name="mavenpackage.mavenclass" time="24.412" errors="0" timestamp="2022-09-06T12:03:00 IST" skipped="0">
  <testcase classname="mavenpackage.mavenclass" name="Login_test" time="24.412"/>
  <system-out/>
</testsuite> <!-- mavenpackage.mavenclass -->
